<?xml version="1.0" encoding="UTF-8"?>
<!-- Generated by org.testng.reporters.JUnitReportReporter -->
<testsuite hostname="Shahnawaz-PC" name="corpMISHolidayCalender.Calender" tests="1" failures="0" timestamp="28 Sep 2015 06:59:55 GMT" time="189.723" errors="0">
  <testcase name="HolidayCalender" time="189.723" classname="corpMISHolidayCalender.Calender"/>
</testsuite> <!-- corpMISHolidayCalender.Calender -->
